0 9 8
0 1 5
0 2 1
0 3 7
0 4 0
0 5 1
0 6 0
0 7 2
0 8 6
4 1 5
4 2 0
4 3 13
4 5 19
4 6 5
4 7 20
4 8 3
4 0 0
4 9 5
2 1 1
2 3 3
2 4 0
2 5 1
2 6 0
2 7 2
2 8 2
2 0 1
2 9 4
6 1 4
6 2 0
6 3 6
6 4 5
6 5 3
6 7 4
6 8 5
6 0 0
6 9 7
1 2 1
1 3 1
1 4 5
1 5 0
1 6 4
1 7 0
1 8 4
1 0 5
1 9 2
5 1 0
5 2 1
5 3 2
5 4 19
5 6 3
5 7 0
5 8 18
5 0 1
5 9 3
7 1 0
7 2 2
7 3 3
7 4 20
7 5 0
7 6 4
7 8 19
7 0 2
7 9 3
3 1 1
3 2 3
3 4 13
3 5 2
3 6 6
3 7 3
3 8 12
3 0 7
3 9 0
8 1 4
8 2 2
8 3 12
8 4 3
8 5 18
8 6 5
8 7 19
8 0 6
8 9 1
9 0 8
9 1 2
9 2 4
9 3 0
9 4 5
9 5 3
9 6 7
9 7 3
9 8 1
0 1 0 2 0 1 0 1 2 2 
2